<?xml version="1.0" encoding="UTF-8"?>
<!-- Generated by org.testng.reporters.JUnitReportReporter -->
<testsuite hostname="Smoke" failures="0" tests="1" name="com.example.AppTest" time="0.003" errors="0" timestamp="2024-07-31T17:01:29 CEST" skipped="0">
  <testcase classname="com.example.AppTest" name="testApp" time="0.003"/>
  <system-out/>
</testsuite> <!-- com.example.AppTest -->
